[2024-06-15 11:34:17] Server: Mike has joined the chat
[2024-06-15 11:34:23] Mike: Hello
[11:34:23] Mike: Hello
[2024-06-15 11:34:30] Server: Jake has joined the chat
[2024-06-15 11:34:35] Jake: Hello
[2024-06-15 11:34:43] Jake: bye
[2024-06-15 11:34:48] Server: Jake has left the chat
[11:35:14] Mike: bye bye
[2024-06-15 11:35:14] Mike: bye bye
[11:35:33] Mike: disconnect
[2024-06-15 11:35:33] Server: Mike has left the chat
[2024-06-15 12:02:57] Server: Jake has joined the chat
[2024-06-15 12:03:03] Jake: Hello
[2024-06-15 12:03:03] Jake: Hello
[2024-06-15 12:03:07] Jake: bye
[2024-06-15 12:03:07] Jake: bye
[2024-06-15 12:03:10] Jake: disconnect
[2024-06-15 12:03:10] Server: Jake has left the chat
[2024-06-15 12:05:58] Nina: hi people
[2024-06-15 12:06:02] Nina: bye
[2024-06-15 12:06:06] Nina: disconnect
[2024-06-16 11:23:05] Netologi: Hello
[2024-06-16 11:23:12] Netologi: Test server
[2024-06-16 11:23:18] Netologi: disconnect
[2024-06-18 20:28:07] TestUser1: Hello
[2024-06-18 20:28:40] TestUser1: 
[2024-06-18 20:28:55] TestUser1: null
[2024-06-18 20:29:01] TestUser1: disconnect
[2024-06-18 20:31:41] TestUser2: disconnect
Error: Connection refused: connect
Error: Connection refused: connect
[2024-06-18 20:37:54] TestUser3: Hello
[2024-06-18 20:38:00] TestUser3: error test
[2024-06-18 20:38:05] TestUser3: /error
Error: Connection reset
Error: Simulated IOException
Error: Stream closed
